[  0%] Built target actionlib_generate_messages_nodejs
[  2%] Built target cleanup_shm_node
[  2%] Built target _astra_camera_generate_messages_check_deps_Metadata
[  2%] Built target _astra_camera_generate_messages_check_deps_SetInt32
[  2%] Built target _astra_camera_generate_messages_check_deps_GetString
[  2%] Built target _astra_camera_generate_messages_check_deps_GetCameraParams
[  2%] Built target sensor_msgs_generate_messages_cpp
[  2%] Built target _astra_camera_generate_messages_check_deps_GetCameraInfo
[  2%] Built target _astra_camera_generate_messages_check_deps_GetBool
[  2%] Built target _astra_camera_generate_messages_check_deps_Extrinsics
[  2%] Built target std_msgs_generate_messages_cpp
[  2%] Built target _astra_camera_generate_messages_check_deps_GetDeviceInfo
[  2%] Built target _astra_camera_generate_messages_check_deps_GetInt32
[  2%] Built target _astra_camera_generate_messages_check_deps_DeviceInfo
[  2%] Built target roscpp_generate_messages_eus
[  2%] Built target _astra_camera_generate_messages_check_deps_SetString
[  2%] Built target dynamic_reconfigure_gencfg
[  2%] Built target std_msgs_generate_messages_lisp
[  2%] Built target std_srvs_generate_messages_lisp
[  2%] Built target std_msgs_generate_messages_nodejs
[  2%] Built target geometry_msgs_generate_messages_eus
[  2%] Built target dynamic_reconfigure_generate_messages_lisp
[  2%] Built target tf2_msgs_generate_messages_cpp
[  2%] Built target geometry_msgs_generate_messages_lisp
[  2%] Built target roscpp_generate_messages_lisp
[  2%] Built target roscpp_generate_messages_cpp
[  2%] Built target actionlib_generate_messages_lisp
[  2%] Built target geometry_msgs_generate_messages_py
[  3%] Built target astra_camera_gencfg
[  3%] Built target tf2_msgs_generate_messages_eus
[  3%] Built target sensor_msgs_generate_messages_py
[  3%] Built target sensor_msgs_generate_messages_nodejs
[  3%] Built target sensor_msgs_generate_messages_eus
[  3%] Built target sensor_msgs_generate_messages_lisp
[  3%] Built target std_srvs_generate_messages_cpp
[  3%] Built target std_srvs_generate_messages_nodejs
[  3%] Built target dynamic_reconfigure_generate_messages_py
[  3%] Built target rosgraph_msgs_generate_messages_lisp
[  3%] Built target actionlib_msgs_generate_messages_eus
[  3%] Built target rosgraph_msgs_generate_messages_py
[  3%] Built target std_msgs_generate_messages_py
[  3%] Built target dynamic_reconfigure_generate_messages_cpp
[  3%] Built target dynamic_reconfigure_generate_messages_eus
[  3%] Built target geometry_msgs_generate_messages_nodejs
[  3%] Built target geometry_msgs_generate_messages_cpp
[  3%] Built target dynamic_reconfigure_generate_messages_nodejs
[  3%] Built target tf2_msgs_generate_messages_py
[  3%] Built target roscpp_generate_messages_nodejs
[  3%] Built target std_srvs_generate_messages_py
[  3%] Built target roscpp_generate_messages_py
[  3%] Built target rosgraph_msgs_generate_messages_eus
[  3%] Built target rosgraph_msgs_generate_messages_nodejs
[  3%] Built target actionlib_generate_messages_cpp
[  3%] Built target actionlib_msgs_generate_messages_py
[  3%] Built target tf2_msgs_generate_messages_lisp
[  3%] Built target std_srvs_generate_messages_eus
[  3%] Built target tf2_msgs_generate_messages_nodejs
[  3%] Built target actionlib_msgs_generate_messages_cpp
[  3%] Built target rosgraph_msgs_generate_messages_cpp
[  3%] Built target actionlib_generate_messages_eus
[  3%] Built target std_msgs_generate_messages_eus
[  3%] Built target actionlib_msgs_generate_messages_lisp
[  3%] Built target actionlib_msgs_generate_messages_nodejs
[  3%] Built target actionlib_generate_messages_py
[ 21%] Built target astra_camera_generate_messages_py
[ 35%] Built target astra_camera_generate_messages_nodejs
[ 61%] Built target astra_camera_generate_messages_cpp
[ 64%] Built target astra_camera_generate_messages_lisp
[ 80%] Built target astra_camera_generate_messages_eus
[ 80%] Built target astra_camera_generate_messages
[ 94%] Built target astra_camera
[ 97%] Built target astra_camera_node
[100%] Built target list_devices_node
