Symlinking /home/hamza/ros_ws/devel/share/intention_application/cmake/intention_applicationConfig.cmake
Symlinking /home/hamza/ros_ws/devel/share/intention_application/cmake/intention_applicationConfig-version.cmake
Symlinking /home/hamza/ros_ws/devel/share/intention_application/cmake/intention_application-msg-extras.cmake
Symlinking /home/hamza/ros_ws/devel/share/intention_application/cmake/intention_application-msg-paths.cmake
Symlinking /home/hamza/ros_ws/devel/share/roseus/ros/intention_application/manifest.l
Symlinking /home/hamza/ros_ws/devel/share/roseus/ros/intention_application/msg/Array.l
Symlinking /home/hamza/ros_ws/devel/share/roseus/ros/intention_application/srv/snapshot.l
Symlinking /home/hamza/ros_ws/devel/share/common-lisp/ros/intention_application/msg/_package_Array.lisp
Symlinking /home/hamza/ros_ws/devel/share/common-lisp/ros/intention_application/msg/Array.lisp
Symlinking /home/hamza/ros_ws/devel/share/common-lisp/ros/intention_application/msg/intention_application-msg.asd
Symlinking /home/hamza/ros_ws/devel/share/common-lisp/ros/intention_application/msg/_package.lisp
Symlinking /home/hamza/ros_ws/devel/share/common-lisp/ros/intention_application/srv/_package_snapshot.lisp
Symlinking /home/hamza/ros_ws/devel/share/common-lisp/ros/intention_application/srv/snapshot.lisp
Symlinking /home/hamza/ros_ws/devel/share/common-lisp/ros/intention_application/srv/intention_application-srv.asd
Symlinking /home/hamza/ros_ws/devel/share/common-lisp/ros/intention_application/srv/_package.lisp
Symlinking /home/hamza/ros_ws/devel/share/gennodejs/ros/intention_application/_index.js
Symlinking /home/hamza/ros_ws/devel/share/gennodejs/ros/intention_application/msg/Array.js
Symlinking /home/hamza/ros_ws/devel/share/gennodejs/ros/intention_application/msg/_index.js
Symlinking /home/hamza/ros_ws/devel/share/gennodejs/ros/intention_application/srv/snapshot.js
Symlinking /home/hamza/ros_ws/devel/share/gennodejs/ros/intention_application/srv/_index.js
Symlinking /home/hamza/ros_ws/devel/lib/intention_application/imageprocessing.py
Symlinking /home/hamza/ros_ws/devel/lib/intention_application/posepublisher.py
Symlinking /home/hamza/ros_ws/devel/lib/intention_application/client.py
Symlinking /home/hamza/ros_ws/devel/lib/intention_application/pose_sender.py
Symlinking /home/hamza/ros_ws/devel/lib/intention_application/cmake.lock
Symlinking /home/hamza/ros_ws/devel/lib/intention_application/main.py
Symlinking /home/hamza/ros_ws/devel/lib/intention_application/handeyecalibration.py
Symlinking /home/hamza/ros_ws/devel/lib/intention_application/saveimage.py
Symlinking /home/hamza/ros_ws/devel/lib/intention_application/CameraTransformation.py
Symlinking /home/hamza/ros_ws/devel/lib/intention_application/Tf2Moveit.py
Symlinking /home/hamza/ros_ws/devel/lib/intention_application/poses.py
Symlinking /home/hamza/ros_ws/devel/lib/python3/dist-packages/intention_application/__init__.py
Symlinking /home/hamza/ros_ws/devel/lib/python3/dist-packages/intention_application/msg/__init__.py
Symlinking /home/hamza/ros_ws/devel/lib/python3/dist-packages/intention_application/msg/_Array.py
Symlinking /home/hamza/ros_ws/devel/lib/python3/dist-packages/intention_application/srv/_snapshot.py
Symlinking /home/hamza/ros_ws/devel/lib/python3/dist-packages/intention_application/srv/__init__.py
Symlinking /home/hamza/ros_ws/devel/lib/pkgconfig/intention_application.pc
Symlinking /home/hamza/ros_ws/devel/include/intention_application/snapshot.h
Symlinking /home/hamza/ros_ws/devel/include/intention_application/Array.h
Symlinking /home/hamza/ros_ws/devel/include/intention_application/snapshotResponse.h
Symlinking /home/hamza/ros_ws/devel/include/intention_application/snapshotRequest.h
