Linked: (/home/hamza/ros_ws/devel/.private/intention_application/share/intention_application/cmake/intention_applicationConfig.cmake, /home/hamza/ros_ws/devel/share/intention_application/cmake/intention_applicationConfig.cmake)
Linked: (/home/hamza/ros_ws/devel/.private/intention_application/share/intention_application/cmake/intention_applicationConfig-version.cmake, /home/hamza/ros_ws/devel/share/intention_application/cmake/intention_applicationConfig-version.cmake)
Linked: (/home/hamza/ros_ws/devel/.private/intention_application/share/intention_application/cmake/intention_application-msg-extras.cmake, /home/hamza/ros_ws/devel/share/intention_application/cmake/intention_application-msg-extras.cmake)
Linked: (/home/hamza/ros_ws/devel/.private/intention_application/share/intention_application/cmake/intention_application-msg-paths.cmake, /home/hamza/ros_ws/devel/share/intention_application/cmake/intention_application-msg-paths.cmake)
Linked: (/home/hamza/ros_ws/devel/.private/intention_application/share/roseus/ros/intention_application/manifest.l, /home/hamza/ros_ws/devel/share/roseus/ros/intention_application/manifest.l)
Linked: (/home/hamza/ros_ws/devel/.private/intention_application/share/roseus/ros/intention_application/msg/Array.l, /home/hamza/ros_ws/devel/share/roseus/ros/intention_application/msg/Array.l)
Linked: (/home/hamza/ros_ws/devel/.private/intention_application/share/roseus/ros/intention_application/srv/snapshot.l, /home/hamza/ros_ws/devel/share/roseus/ros/intention_application/srv/snapshot.l)
Linked: (/home/hamza/ros_ws/devel/.private/intention_application/share/common-lisp/ros/intention_application/msg/_package_Array.lisp, /home/hamza/ros_ws/devel/share/common-lisp/ros/intention_application/msg/_package_Array.lisp)
Linked: (/home/hamza/ros_ws/devel/.private/intention_application/share/common-lisp/ros/intention_application/msg/Array.lisp, /home/hamza/ros_ws/devel/share/common-lisp/ros/intention_application/msg/Array.lisp)
Linked: (/home/hamza/ros_ws/devel/.private/intention_application/share/common-lisp/ros/intention_application/msg/intention_application-msg.asd, /home/hamza/ros_ws/devel/share/common-lisp/ros/intention_application/msg/intention_application-msg.asd)
Linked: (/home/hamza/ros_ws/devel/.private/intention_application/share/common-lisp/ros/intention_application/msg/_package.lisp, /home/hamza/ros_ws/devel/share/common-lisp/ros/intention_application/msg/_package.lisp)
Linked: (/home/hamza/ros_ws/devel/.private/intention_application/share/common-lisp/ros/intention_application/srv/_package_snapshot.lisp, /home/hamza/ros_ws/devel/share/common-lisp/ros/intention_application/srv/_package_snapshot.lisp)
Linked: (/home/hamza/ros_ws/devel/.private/intention_application/share/common-lisp/ros/intention_application/srv/snapshot.lisp, /home/hamza/ros_ws/devel/share/common-lisp/ros/intention_application/srv/snapshot.lisp)
Linked: (/home/hamza/ros_ws/devel/.private/intention_application/share/common-lisp/ros/intention_application/srv/intention_application-srv.asd, /home/hamza/ros_ws/devel/share/common-lisp/ros/intention_application/srv/intention_application-srv.asd)
Linked: (/home/hamza/ros_ws/devel/.private/intention_application/share/common-lisp/ros/intention_application/srv/_package.lisp, /home/hamza/ros_ws/devel/share/common-lisp/ros/intention_application/srv/_package.lisp)
Linked: (/home/hamza/ros_ws/devel/.private/intention_application/share/gennodejs/ros/intention_application/_index.js, /home/hamza/ros_ws/devel/share/gennodejs/ros/intention_application/_index.js)
Linked: (/home/hamza/ros_ws/devel/.private/intention_application/share/gennodejs/ros/intention_application/msg/Array.js, /home/hamza/ros_ws/devel/share/gennodejs/ros/intention_application/msg/Array.js)
Linked: (/home/hamza/ros_ws/devel/.private/intention_application/share/gennodejs/ros/intention_application/msg/_index.js, /home/hamza/ros_ws/devel/share/gennodejs/ros/intention_application/msg/_index.js)
Linked: (/home/hamza/ros_ws/devel/.private/intention_application/share/gennodejs/ros/intention_application/srv/snapshot.js, /home/hamza/ros_ws/devel/share/gennodejs/ros/intention_application/srv/snapshot.js)
Linked: (/home/hamza/ros_ws/devel/.private/intention_application/share/gennodejs/ros/intention_application/srv/_index.js, /home/hamza/ros_ws/devel/share/gennodejs/ros/intention_application/srv/_index.js)
Linked: (/home/hamza/ros_ws/devel/.private/intention_application/lib/intention_application/imageprocessing.py, /home/hamza/ros_ws/devel/lib/intention_application/imageprocessing.py)
Linked: (/home/hamza/ros_ws/devel/.private/intention_application/lib/intention_application/posepublisher.py, /home/hamza/ros_ws/devel/lib/intention_application/posepublisher.py)
Linked: (/home/hamza/ros_ws/devel/.private/intention_application/lib/intention_application/client.py, /home/hamza/ros_ws/devel/lib/intention_application/client.py)
Linked: (/home/hamza/ros_ws/devel/.private/intention_application/lib/intention_application/pose_sender.py, /home/hamza/ros_ws/devel/lib/intention_application/pose_sender.py)
Linked: (/home/hamza/ros_ws/devel/.private/intention_application/lib/intention_application/cmake.lock, /home/hamza/ros_ws/devel/lib/intention_application/cmake.lock)
Linked: (/home/hamza/ros_ws/devel/.private/intention_application/lib/intention_application/main.py, /home/hamza/ros_ws/devel/lib/intention_application/main.py)
Symlinking /home/hamza/ros_ws/devel/lib/intention_application/singleposesender.py
Linked: (/home/hamza/ros_ws/devel/.private/intention_application/lib/intention_application/handeyecalibration.py, /home/hamza/ros_ws/devel/lib/intention_application/handeyecalibration.py)
Linked: (/home/hamza/ros_ws/devel/.private/intention_application/lib/intention_application/saveimage.py, /home/hamza/ros_ws/devel/lib/intention_application/saveimage.py)
Linked: (/home/hamza/ros_ws/devel/.private/intention_application/lib/intention_application/CameraTransformation.py, /home/hamza/ros_ws/devel/lib/intention_application/CameraTransformation.py)
Linked: (/home/hamza/ros_ws/devel/.private/intention_application/lib/intention_application/Tf2Moveit.py, /home/hamza/ros_ws/devel/lib/intention_application/Tf2Moveit.py)
Linked: (/home/hamza/ros_ws/devel/.private/intention_application/lib/intention_application/poses.py, /home/hamza/ros_ws/devel/lib/intention_application/poses.py)
Linked: (/home/hamza/ros_ws/devel/.private/intention_application/lib/python3/dist-packages/intention_application/__init__.py, /home/hamza/ros_ws/devel/lib/python3/dist-packages/intention_application/__init__.py)
Linked: (/home/hamza/ros_ws/devel/.private/intention_application/lib/python3/dist-packages/intention_application/msg/__init__.py, /home/hamza/ros_ws/devel/lib/python3/dist-packages/intention_application/msg/__init__.py)
Linked: (/home/hamza/ros_ws/devel/.private/intention_application/lib/python3/dist-packages/intention_application/msg/_Array.py, /home/hamza/ros_ws/devel/lib/python3/dist-packages/intention_application/msg/_Array.py)
Linked: (/home/hamza/ros_ws/devel/.private/intention_application/lib/python3/dist-packages/intention_application/srv/_snapshot.py, /home/hamza/ros_ws/devel/lib/python3/dist-packages/intention_application/srv/_snapshot.py)
Linked: (/home/hamza/ros_ws/devel/.private/intention_application/lib/python3/dist-packages/intention_application/srv/__init__.py, /home/hamza/ros_ws/devel/lib/python3/dist-packages/intention_application/srv/__init__.py)
Linked: (/home/hamza/ros_ws/devel/.private/intention_application/lib/pkgconfig/intention_application.pc, /home/hamza/ros_ws/devel/lib/pkgconfig/intention_application.pc)
Linked: (/home/hamza/ros_ws/devel/.private/intention_application/include/intention_application/snapshot.h, /home/hamza/ros_ws/devel/include/intention_application/snapshot.h)
Linked: (/home/hamza/ros_ws/devel/.private/intention_application/include/intention_application/Array.h, /home/hamza/ros_ws/devel/include/intention_application/Array.h)
Linked: (/home/hamza/ros_ws/devel/.private/intention_application/include/intention_application/snapshotResponse.h, /home/hamza/ros_ws/devel/include/intention_application/snapshotResponse.h)
Linked: (/home/hamza/ros_ws/devel/.private/intention_application/include/intention_application/snapshotRequest.h, /home/hamza/ros_ws/devel/include/intention_application/snapshotRequest.h)
